<?xml version="1.0" encoding="UTF-8"?>
<testng-results skipped="0" failed="0" ignored="0" total="2" passed="2">
  <reporter-output>
  </reporter-output>
  <suite name="Functional Test Suite" duration-ms="109033" started-at="2018-05-20T16:59:19Z" finished-at="2018-05-20T17:01:08Z">
    <groups>
    </groups>
    <test name="TestSuite" duration-ms="109033" started-at="2018-05-20T16:59:19Z" finished-at="2018-05-20T17:01:08Z">
      <class name="com.shaadi.Test.TestSuite">
        <test-method status="PASS" signature="setUp(java.lang.String)[pri:0, instance:com.shaadi.Test.TestSuite@553f17c]" name="setUp" is-config="true" duration-ms="27446" started-at="2018-05-20T22:28:52Z" finished-at="2018-05-20T22:29:19Z">
          <params>
            <param index="0">
              <value>
                <![CDATA[app]]>
              </value>
            </param>
          </params>
          <reporter-output>
          </reporter-output>
        </test-method> <!-- setUp -->
        <test-method status="PASS" signature="verifyLoginPage()[pri:0, instance:com.shaadi.Test.TestSuite@553f17c]" name="verifyLoginPage" duration-ms="14119" started-at="2018-05-20T22:29:19Z" finished-at="2018-05-20T22:29:33Z">
          <reporter-output>
          </reporter-output>
        </test-method> <!-- verifyLoginPage -->
        <test-method status="PASS" signature="verifySearchPage()[pri:1, instance:com.shaadi.Test.TestSuite@553f17c]" name="verifySearchPage" duration-ms="94901" started-at="2018-05-20T22:29:33Z" finished-at="2018-05-20T22:31:08Z">
          <reporter-output>
          </reporter-output>
        </test-method> <!-- verifySearchPage -->
        <test-method status="PASS" signature="stopAppium()[pri:0, instance:com.shaadi.Test.TestSuite@553f17c]" name="stopAppium" is-config="true" duration-ms="2573" started-at="2018-05-20T22:31:13Z" finished-at="2018-05-20T22:31:16Z">
          <reporter-output>
          </reporter-output>
        </test-method> <!-- stopAppium -->
      </class> <!-- com.shaadi.Test.TestSuite -->
    </test> <!-- TestSuite -->
  </suite> <!-- Functional Test Suite -->
</testng-results>
