<?xml version="1.0" encoding="UTF-8"?>
<testng-results skipped="0" failed="1" ignored="0" total="2" passed="1">
  <reporter-output>
  </reporter-output>
  <suite name="Functional Test Suite" duration-ms="44461" started-at="2018-05-21T02:04:57Z" finished-at="2018-05-21T02:05:42Z">
    <groups>
    </groups>
    <test name="TestSuite" duration-ms="44461" started-at="2018-05-21T02:04:57Z" finished-at="2018-05-21T02:05:42Z">
      <class name="com.shaadi.Test.TestSuite">
        <test-method status="PASS" signature="setUp(java.lang.String)[pri:0, instance:com.shaadi.Test.TestSuite@41fbdac4]" name="setUp" is-config="true" duration-ms="29111" started-at="2018-05-21T07:34:28Z" finished-at="2018-05-21T07:34:57Z">
          <params>
            <param index="0">
              <value>
                <![CDATA[app]]>
              </value>
            </param>
          </params>
          <reporter-output>
          </reporter-output>
        </test-method> <!-- setUp -->
        <test-method status="PASS" signature="verifyLoginPage()[pri:0, instance:com.shaadi.Test.TestSuite@41fbdac4]" name="verifyLoginPage" duration-ms="13949" started-at="2018-05-21T07:34:57Z" finished-at="2018-05-21T07:35:11Z">
          <reporter-output>
          </reporter-output>
        </test-method> <!-- verifyLoginPage -->
        <test-method status="FAIL" signature="verifySearchPage()[pri:1, instance:com.shaadi.Test.TestSuite@41fbdac4]" name="verifySearchPage" duration-ms="30494" started-at="2018-05-21T07:35:11Z" finished-at="2018-05-21T07:35:42Z">
          <exception class="org.openqa.selenium.NoSuchElementException">
            <message>
              <![CDATA[An element could not be located on the page using the given search parameters. (WARNING: The server did not provide any stacktrace information)
Command duration or timeout: 0 milliseconds
For documentation on this error, please visit: http://seleniumhq.org/exceptions/no_such_element.html
Build info: version: '3.12.0', revision: '7c6e0b3', time: '2018-05-08T15:15:08.936Z'
System info: host: 'JaivirMacBook-Pro.local', ip: '2402:3a80:9c7:2fb7:414a:c965:377b:b34d', os.name: 'Mac OS X', os.arch: 'x86_64', os.version: '10.12.6', java.version: '1.8.0_144'
Driver info: io.appium.java_client.android.AndroidDriver
Capabilities {app: /Users/jaivir.singh/eclipse..., appActivity: com.shaadi.android.ui.main...., appPackage: com.shaadi.android, databaseEnabled: false, desired: {app: /Users/jaivir.singh/eclipse..., appActivity: com.shaadi.android.ui.main...., appPackage: com.shaadi.android, deviceName: Moto, fullReset: true, platformName: Android, platformVersion: 6.0.0, udid: emulator-5554}, deviceManufacturer: unknown, deviceModel: Android SDK built for x86, deviceName: emulator-5554, deviceScreenSize: 720x1280, deviceUDID: emulator-5554, fullReset: true, javascriptEnabled: true, locationContextEnabled: false, networkConnectionEnabled: true, platform: LINUX, platformName: LINUX, platformVersion: 6.0, takesScreenshot: true, udid: emulator-5554, warnings: {}, webStorageEnabled: false}
Session ID: dac7cce0-c9b3-45c1-91a7-b310b2735fb7
*** Element info: {Using=xpath, value=//*[contains(@text,"GOT IT")]}]]>
            </message>
            <full-stacktrace>
              <![CDATA[org.openqa.selenium.NoSuchElementException: An element could not be located on the page using the given search parameters. (WARNING: The server did not provide any stacktrace information)
Command duration or timeout: 0 milliseconds
For documentation on this error, please visit: http://seleniumhq.org/exceptions/no_such_element.html
Build info: version: '3.12.0', revision: '7c6e0b3', time: '2018-05-08T15:15:08.936Z'
System info: host: 'JaivirMacBook-Pro.local', ip: '2402:3a80:9c7:2fb7:414a:c965:377b:b34d', os.name: 'Mac OS X', os.arch: 'x86_64', os.version: '10.12.6', java.version: '1.8.0_144'
Driver info: io.appium.java_client.android.AndroidDriver
Capabilities {app: /Users/jaivir.singh/eclipse..., appActivity: com.shaadi.android.ui.main...., appPackage: com.shaadi.android, databaseEnabled: false, desired: {app: /Users/jaivir.singh/eclipse..., appActivity: com.shaadi.android.ui.main...., appPackage: com.shaadi.android, deviceName: Moto, fullReset: true, platformName: Android, platformVersion: 6.0.0, udid: emulator-5554}, deviceManufacturer: unknown, deviceModel: Android SDK built for x86, deviceName: emulator-5554, deviceScreenSize: 720x1280, deviceUDID: emulator-5554, fullReset: true, javascriptEnabled: true, locationContextEnabled: false, networkConnectionEnabled: true, platform: LINUX, platformName: LINUX, platformVersion: 6.0, takesScreenshot: true, udid: emulator-5554, warnings: {}, webStorageEnabled: false}
Session ID: dac7cce0-c9b3-45c1-91a7-b310b2735fb7
*** Element info: {Using=xpath, value=//*[contains(@text,"GOT IT")]}
	at sun.reflect.NativeConstructorAccessorImpl.newInstance0(Native Method)
	at sun.reflect.NativeConstructorAccessorImpl.newInstance(NativeConstructorAccessorImpl.java:62)
	at sun.reflect.DelegatingConstructorAccessorImpl.newInstance(DelegatingConstructorAccessorImpl.java:45)
	at java.lang.reflect.Constructor.newInstance(Constructor.java:423)
	at org.openqa.selenium.remote.ErrorHandler.createThrowable(ErrorHandler.java:214)
	at org.openqa.selenium.remote.ErrorHandler.throwIfResponseFailed(ErrorHandler.java:166)
	at org.openqa.selenium.remote.http.JsonHttpResponseCodec.reconstructValue(JsonHttpResponseCodec.java:40)
	at org.openqa.selenium.remote.http.AbstractHttpResponseCodec.decode(AbstractHttpResponseCodec.java:80)
	at org.openqa.selenium.remote.http.AbstractHttpResponseCodec.decode(AbstractHttpResponseCodec.java:44)
	at org.openqa.selenium.remote.HttpCommandExecutor.execute(HttpCommandExecutor.java:158)
	at io.appium.java_client.remote.AppiumCommandExecutor.execute(AppiumCommandExecutor.java:89)
	at org.openqa.selenium.remote.RemoteWebDriver.execute(RemoteWebDriver.java:543)
	at io.appium.java_client.DefaultGenericMobileDriver.execute(DefaultGenericMobileDriver.java:42)
	at io.appium.java_client.AppiumDriver.execute(AppiumDriver.java:1)
	at io.appium.java_client.android.AndroidDriver.execute(AndroidDriver.java:1)
	at org.openqa.selenium.remote.RemoteWebDriver.findElement(RemoteWebDriver.java:317)
	at io.appium.java_client.DefaultGenericMobileDriver.findElement(DefaultGenericMobileDriver.java:62)
	at io.appium.java_client.AppiumDriver.findElement(AppiumDriver.java:1)
	at io.appium.java_client.android.AndroidDriver.findElement(AndroidDriver.java:1)
	at org.openqa.selenium.remote.RemoteWebDriver.findElementByXPath(RemoteWebDriver.java:419)
	at io.appium.java_client.DefaultGenericMobileDriver.findElementByXPath(DefaultGenericMobileDriver.java:140)
	at io.appium.java_client.AppiumDriver.findElementByXPath(AppiumDriver.java:1)
	at io.appium.java_client.android.AndroidDriver.findElementByXPath(AndroidDriver.java:1)
	at org.openqa.selenium.By$ByXPath.findElement(By.java:353)
	at org.openqa.selenium.remote.RemoteWebDriver.findElement(RemoteWebDriver.java:309)
	at io.appium.java_client.DefaultGenericMobileDriver.findElement(DefaultGenericMobileDriver.java:58)
	at io.appium.java_client.AppiumDriver.findElement(AppiumDriver.java:1)
	at io.appium.java_client.android.AndroidDriver.findElement(AndroidDriver.java:1)
	at com.shaadi.AppPages.ProfileSearchPage.testSearchPage(ProfileSearchPage.java:39)
	at com.shaadi.Test.TestSuite.verifySearchPage(TestSuite.java:31)
	at sun.reflect.NativeMethodAccessorImpl.invoke0(Native Method)
	at sun.reflect.NativeMethodAccessorImpl.invoke(NativeMethodAccessorImpl.java:62)
	at sun.reflect.DelegatingMethodAccessorImpl.invoke(DelegatingMethodAccessorImpl.java:43)
	at java.lang.reflect.Method.invoke(Method.java:498)
	at org.testng.internal.MethodInvocationHelper.invokeMethod(MethodInvocationHelper.java:108)
	at org.testng.internal.Invoker.invokeMethod(Invoker.java:669)
	at org.testng.internal.Invoker.invokeTestMethod(Invoker.java:877)
	at org.testng.internal.Invoker.invokeTestMethods(Invoker.java:1201)
	at org.testng.internal.TestMethodWorker.invokeTestMethods(TestMethodWorker.java:125)
	at org.testng.internal.TestMethodWorker.run(TestMethodWorker.java:109)
	at org.testng.TestRunner.privateRun(TestRunner.java:776)
	at org.testng.TestRunner.run(TestRunner.java:634)
	at org.testng.SuiteRunner.runTest(SuiteRunner.java:425)
	at org.testng.SuiteRunner.runSequentially(SuiteRunner.java:420)
	at org.testng.SuiteRunner.privateRun(SuiteRunner.java:385)
	at org.testng.SuiteRunner.run(SuiteRunner.java:334)
	at org.testng.SuiteRunnerWorker.runSuite(SuiteRunnerWorker.java:52)
	at org.testng.SuiteRunnerWorker.run(SuiteRunnerWorker.java:86)
	at org.testng.TestNG.runSuitesSequentially(TestNG.java:1318)
	at org.testng.TestNG.runSuitesLocally(TestNG.java:1243)
	at org.testng.TestNG.runSuites(TestNG.java:1161)
	at org.testng.TestNG.run(TestNG.java:1129)
	at org.testng.remote.AbstractRemoteTestNG.run(AbstractRemoteTestNG.java:114)
	at org.testng.remote.RemoteTestNG.initAndRun(RemoteTestNG.java:251)
	at org.testng.remote.RemoteTestNG.main(RemoteTestNG.java:77)
]]>
            </full-stacktrace>
          </exception> <!-- org.openqa.selenium.NoSuchElementException -->
          <reporter-output>
          </reporter-output>
        </test-method> <!-- verifySearchPage -->
        <test-method status="PASS" signature="stopAppium()[pri:0, instance:com.shaadi.Test.TestSuite@41fbdac4]" name="stopAppium" is-config="true" duration-ms="2590" started-at="2018-05-21T07:35:47Z" finished-at="2018-05-21T07:35:49Z">
          <reporter-output>
          </reporter-output>
        </test-method> <!-- stopAppium -->
      </class> <!-- com.shaadi.Test.TestSuite -->
    </test> <!-- TestSuite -->
  </suite> <!-- Functional Test Suite -->
</testng-results>
